2019-04-26 21:53:24,588 INFO 12066 [egg:logger] init all loggers with options: {"dir":"/Users/lp1/Downloads/Vue-shopping-master/egg/logs/server","encoding":"utf8","env":"local","level":"INFO","consoleLevel":"INFO","disableConsoleAfterReady":false,"outputJSON":false,"buffer":true,"appLogName":"server-web.log","coreLogName":"egg-web.log","agentLogName":"egg-agent.log","errorLogName":"common-error.log","coreLogger":{"consoleLevel":"WARN"},"allowDebugAtProd":false,"type":"application"}
2019-04-26 21:53:24,620 INFO 12066 [egg-multipart] stream mode enable
2019-04-26 21:53:24,844 INFO 12066 [egg-mongoose] connecting mongodb://127.0.0.1/shoppingMall
2019-04-26 21:53:25,038 INFO 12066 [egg-static] starting static serve /public/ -> /Users/lp1/Downloads/Vue-shopping-master/egg/app/public
2019-04-26 21:53:25,040 INFO 12066 [egg-security] use methodnoallow middleware
2019-04-26 21:53:25,040 INFO 12066 [egg-security] use noopen middleware
2019-04-26 21:53:25,041 INFO 12066 [egg-security] use nosniff middleware
2019-04-26 21:53:25,041 INFO 12066 [egg-security] use xssProtection middleware
2019-04-26 21:53:25,041 INFO 12066 [egg-security] use xframe middleware
2019-04-26 21:53:25,042 INFO 12066 [egg-security] use dta middleware
2019-04-26 21:53:25,042 INFO 12066 [egg-security] compose 6 middlewares into one security middleware
2019-04-26 21:53:25,054 INFO 12066 [egg:core] dump config after load, 4ms
2019-04-26 21:53:25,056 INFO 12066 [egg-mongoose] starting...
2019-04-26 21:53:25,103 INFO 12066 [egg-watcher:application] watcher start success
2019-04-26 21:53:25,106 INFO 12066 [egg-mongoose] mongodb://127.0.0.1/shoppingMall connected successfully
2019-04-26 21:53:25,113 INFO 12066 [egg-mongoose] instance[0] start successfully
2019-04-26 21:53:25,122 INFO 12066 [egg:core] dump config after ready, 7ms
2019-04-27 08:36:27,825 INFO 6732 [egg:logger] init all loggers with options: {"dir":"C:\\Users\\Administrator\\Desktop\\shop\\server\\logs\\server","encoding":"utf8","env":"local","level":"INFO","consoleLevel":"INFO","disableConsoleAfterReady":false,"outputJSON":false,"buffer":true,"appLogName":"server-web.log","coreLogName":"egg-web.log","agentLogName":"egg-agent.log","errorLogName":"common-error.log","coreLogger":{"consoleLevel":"WARN"},"allowDebugAtProd":false,"type":"application"}
2019-04-27 08:36:27,870 INFO 6732 [egg-multipart] stream mode enable
2019-04-27 08:36:28,159 INFO 6732 [egg-mongoose] connecting mongodb://127.0.0.1/shoppingMall
2019-04-27 08:36:28,444 INFO 6732 [egg-static] starting static serve /public/ -> C:\Users\Administrator\Desktop\shop\server\app\public
2019-04-27 08:36:28,447 INFO 6732 [egg-security] use methodnoallow middleware
2019-04-27 08:36:28,448 INFO 6732 [egg-security] use noopen middleware
2019-04-27 08:36:28,449 INFO 6732 [egg-security] use nosniff middleware
2019-04-27 08:36:28,449 INFO 6732 [egg-security] use xssProtection middleware
2019-04-27 08:36:28,451 INFO 6732 [egg-security] use xframe middleware
2019-04-27 08:36:28,452 INFO 6732 [egg-security] use dta middleware
2019-04-27 08:36:28,452 INFO 6732 [egg-security] compose 6 middlewares into one security middleware
2019-04-27 08:36:28,472 INFO 6732 [egg:core] dump config after load, 5ms
2019-04-27 08:36:28,475 INFO 6732 [egg-mongoose] starting...
2019-04-27 08:36:28,514 INFO 6732 [egg-mongoose] mongodb://127.0.0.1/shoppingMall connected successfully
2019-04-27 08:36:28,522 INFO 6732 [egg-mongoose] instance[0] start successfully
2019-04-27 08:36:28,524 INFO 6732 [egg-watcher:application] watcher start success
2019-04-27 08:36:28,531 INFO 6732 [egg:core] dump config after ready, 6ms
2019-04-27 10:25:49,253 INFO 3124 [egg:logger] init all loggers with options: {"dir":"C:\\Users\\Administrator\\Desktop\\shop\\server\\logs\\server","encoding":"utf8","env":"local","level":"INFO","consoleLevel":"INFO","disableConsoleAfterReady":false,"outputJSON":false,"buffer":true,"appLogName":"server-web.log","coreLogName":"egg-web.log","agentLogName":"egg-agent.log","errorLogName":"common-error.log","coreLogger":{"consoleLevel":"WARN"},"allowDebugAtProd":false,"type":"application"}
2019-04-27 10:25:49,290 INFO 3124 [egg-multipart] stream mode enable
2019-04-27 10:25:49,771 INFO 3124 [egg-mongoose] connecting mongodb://127.0.0.1/shoppingMall
2019-04-27 10:25:50,103 INFO 3124 [egg-static] starting static serve /public/ -> C:\Users\Administrator\Desktop\shop\server\app\public
2019-04-27 10:25:50,106 INFO 3124 [egg-security] use methodnoallow middleware
2019-04-27 10:25:50,106 INFO 3124 [egg-security] use noopen middleware
2019-04-27 10:25:50,107 INFO 3124 [egg-security] use nosniff middleware
2019-04-27 10:25:50,108 INFO 3124 [egg-security] use xssProtection middleware
2019-04-27 10:25:50,109 INFO 3124 [egg-security] use xframe middleware
2019-04-27 10:25:50,110 INFO 3124 [egg-security] use dta middleware
2019-04-27 10:25:50,110 INFO 3124 [egg-security] compose 6 middlewares into one security middleware
2019-04-27 10:25:50,132 INFO 3124 [egg:core] dump config after load, 8ms
2019-04-27 10:25:50,136 INFO 3124 [egg-mongoose] starting...
2019-04-27 10:25:50,176 INFO 3124 [egg-mongoose] mongodb://127.0.0.1/shoppingMall connected successfully
2019-04-27 10:25:50,183 INFO 3124 [egg-mongoose] instance[0] start successfully
2019-04-27 10:25:50,188 INFO 3124 [egg-watcher:application] watcher start success
2019-04-27 10:25:50,198 INFO 3124 [egg:core] dump config after ready, 8ms
2019-04-30 13:56:42,538 INFO 7004 [egg:logger] init all loggers with options: {"dir":"C:\\Users\\Administrator\\Desktop\\shop\\server\\logs\\server","encoding":"utf8","env":"local","level":"INFO","consoleLevel":"INFO","disableConsoleAfterReady":false,"outputJSON":false,"buffer":true,"appLogName":"server-web.log","coreLogName":"egg-web.log","agentLogName":"egg-agent.log","errorLogName":"common-error.log","coreLogger":{"consoleLevel":"WARN"},"allowDebugAtProd":false,"type":"application"}
2019-04-30 13:56:42,574 INFO 7004 [egg-multipart] stream mode enable
2019-04-30 13:56:42,879 INFO 7004 [egg-mongoose] connecting mongodb://127.0.0.1/shoppingMall
2019-04-30 13:56:43,116 INFO 7004 [egg-static] starting static serve /public/ -> C:\Users\Administrator\Desktop\shop\server\app\public
2019-04-30 13:56:43,119 INFO 7004 [egg-security] use methodnoallow middleware
2019-04-30 13:56:43,119 INFO 7004 [egg-security] use noopen middleware
2019-04-30 13:56:43,120 INFO 7004 [egg-security] use nosniff middleware
2019-04-30 13:56:43,121 INFO 7004 [egg-security] use xssProtection middleware
2019-04-30 13:56:43,121 INFO 7004 [egg-security] use xframe middleware
2019-04-30 13:56:43,121 INFO 7004 [egg-security] use dta middleware
2019-04-30 13:56:43,121 INFO 7004 [egg-security] compose 6 middlewares into one security middleware
2019-04-30 13:56:43,339 INFO 7004 [egg:core] dump config after load, 25ms
2019-04-30 13:56:43,347 INFO 7004 [egg-mongoose] starting...
2019-04-30 13:56:43,402 INFO 7004 [egg-watcher:application] watcher start success
2019-04-30 13:56:43,517 INFO 7004 [egg-mongoose] mongodb://127.0.0.1/shoppingMall connected successfully
2019-04-30 13:56:43,538 INFO 7004 [egg-mongoose] instance[0] start successfully
2019-04-30 13:56:43,555 INFO 7004 [egg:core] dump config after ready, 12ms
2019-04-30 14:03:27,941 INFO 1108 [egg:logger] init all loggers with options: {"dir":"C:\\Users\\Administrator\\Desktop\\shop\\server\\logs\\server","encoding":"utf8","env":"local","level":"INFO","consoleLevel":"INFO","disableConsoleAfterReady":false,"outputJSON":false,"buffer":true,"appLogName":"server-web.log","coreLogName":"egg-web.log","agentLogName":"egg-agent.log","errorLogName":"common-error.log","coreLogger":{"consoleLevel":"WARN"},"allowDebugAtProd":false,"type":"application"}
2019-04-30 14:03:27,982 INFO 1108 [egg-multipart] stream mode enable
2019-04-30 14:03:28,494 INFO 1108 [egg-mongoose] connecting mongodb://127.0.0.1/shoppingMall
2019-04-30 14:03:28,868 INFO 1108 [egg-static] starting static serve /public/ -> C:\Users\Administrator\Desktop\shop\server\app\public
2019-04-30 14:03:28,871 INFO 1108 [egg-security] use methodnoallow middleware
2019-04-30 14:03:28,872 INFO 1108 [egg-security] use noopen middleware
2019-04-30 14:03:28,873 INFO 1108 [egg-security] use nosniff middleware
2019-04-30 14:03:28,874 INFO 1108 [egg-security] use xssProtection middleware
2019-04-30 14:03:28,875 INFO 1108 [egg-security] use xframe middleware
2019-04-30 14:03:28,875 INFO 1108 [egg-security] use dta middleware
2019-04-30 14:03:28,875 INFO 1108 [egg-security] compose 6 middlewares into one security middleware
2019-04-30 14:03:28,898 INFO 1108 [egg:core] dump config after load, 5ms
2019-04-30 14:03:28,901 INFO 1108 [egg-mongoose] starting...
2019-04-30 14:03:28,938 INFO 1108 [egg-mongoose] mongodb://127.0.0.1/shoppingMall connected successfully
2019-04-30 14:03:28,945 INFO 1108 [egg-mongoose] instance[0] start successfully
2019-04-30 14:03:28,948 INFO 1108 [egg-watcher:application] watcher start success
2019-04-30 14:03:28,958 INFO 1108 [egg:core] dump config after ready, 7ms
2019-04-30 15:00:05,761 INFO 6380 [egg:logger] init all loggers with options: {"dir":"C:\\Users\\Administrator\\Desktop\\shop\\server\\logs\\server","encoding":"utf8","env":"local","level":"INFO","consoleLevel":"INFO","disableConsoleAfterReady":false,"outputJSON":false,"buffer":true,"appLogName":"server-web.log","coreLogName":"egg-web.log","agentLogName":"egg-agent.log","errorLogName":"common-error.log","coreLogger":{"consoleLevel":"WARN"},"allowDebugAtProd":false,"type":"application"}
2019-04-30 15:00:05,801 INFO 6380 [egg-multipart] stream mode enable
2019-04-30 15:00:06,250 INFO 6380 [egg-mongoose] connecting mongodb://127.0.0.1/shoppingMall
2019-04-30 15:00:06,600 INFO 6380 [egg-static] starting static serve /public/ -> C:\Users\Administrator\Desktop\shop\server\app\public
2019-04-30 15:00:06,603 INFO 6380 [egg-security] use methodnoallow middleware
2019-04-30 15:00:06,603 INFO 6380 [egg-security] use noopen middleware
2019-04-30 15:00:06,604 INFO 6380 [egg-security] use nosniff middleware
2019-04-30 15:00:06,605 INFO 6380 [egg-security] use xssProtection middleware
2019-04-30 15:00:06,605 INFO 6380 [egg-security] use xframe middleware
2019-04-30 15:00:06,606 INFO 6380 [egg-security] use dta middleware
2019-04-30 15:00:06,606 INFO 6380 [egg-security] compose 6 middlewares into one security middleware
2019-04-30 15:00:06,632 INFO 6380 [egg:core] dump config after load, 6ms
2019-04-30 15:00:06,635 INFO 6380 [egg-mongoose] starting...
2019-04-30 15:00:06,674 INFO 6380 [egg-mongoose] mongodb://127.0.0.1/shoppingMall connected successfully
2019-04-30 15:00:06,681 INFO 6380 [egg-mongoose] instance[0] start successfully
2019-04-30 15:00:06,686 INFO 6380 [egg-watcher:application] watcher start success
2019-04-30 15:00:06,693 INFO 6380 [egg:core] dump config after ready, 5ms
2019-04-30 15:01:10,396 INFO 6940 [egg:logger] init all loggers with options: {"dir":"C:\\Users\\Administrator\\Desktop\\shop\\server\\logs\\server","encoding":"utf8","env":"local","level":"INFO","consoleLevel":"INFO","disableConsoleAfterReady":false,"outputJSON":false,"buffer":true,"appLogName":"server-web.log","coreLogName":"egg-web.log","agentLogName":"egg-agent.log","errorLogName":"common-error.log","coreLogger":{"consoleLevel":"WARN"},"allowDebugAtProd":false,"type":"application"}
2019-04-30 15:01:10,434 INFO 6940 [egg-multipart] stream mode enable
2019-04-30 15:01:10,738 INFO 6940 [egg-mongoose] connecting mongodb://127.0.0.1/shoppingMall
2019-04-30 15:01:11,030 INFO 6940 [egg-static] starting static serve /public/ -> C:\Users\Administrator\Desktop\shop\server\app\public
2019-04-30 15:01:11,033 INFO 6940 [egg-security] use methodnoallow middleware
2019-04-30 15:01:11,034 INFO 6940 [egg-security] use noopen middleware
2019-04-30 15:01:11,035 INFO 6940 [egg-security] use nosniff middleware
2019-04-30 15:01:11,036 INFO 6940 [egg-security] use xssProtection middleware
2019-04-30 15:01:11,036 INFO 6940 [egg-security] use xframe middleware
2019-04-30 15:01:11,037 INFO 6940 [egg-security] use dta middleware
2019-04-30 15:01:11,037 INFO 6940 [egg-security] compose 6 middlewares into one security middleware
2019-04-30 15:01:11,070 INFO 6940 [egg:core] dump config after load, 8ms
2019-04-30 15:01:11,073 INFO 6940 [egg-mongoose] starting...
2019-04-30 15:01:11,119 INFO 6940 [egg-mongoose] mongodb://127.0.0.1/shoppingMall connected successfully
2019-04-30 15:01:11,127 INFO 6940 [egg-mongoose] instance[0] start successfully
2019-04-30 15:01:11,132 INFO 6940 [egg-watcher:application] watcher start success
2019-04-30 15:01:11,141 INFO 6940 [egg:core] dump config after ready, 7ms
2019-04-30 15:10:23,263 INFO 1588 [egg:logger] init all loggers with options: {"dir":"C:\\Users\\Administrator\\Desktop\\shop\\server\\logs\\server","encoding":"utf8","env":"local","level":"INFO","consoleLevel":"INFO","disableConsoleAfterReady":false,"outputJSON":false,"buffer":true,"appLogName":"server-web.log","coreLogName":"egg-web.log","agentLogName":"egg-agent.log","errorLogName":"common-error.log","coreLogger":{"consoleLevel":"WARN"},"allowDebugAtProd":false,"type":"application"}
2019-04-30 15:10:23,301 INFO 1588 [egg-multipart] stream mode enable
2019-04-30 15:10:23,661 INFO 1588 [egg-mongoose] connecting mongodb://127.0.0.1/shoppingMall
2019-04-30 15:10:23,886 INFO 1588 [egg-static] starting static serve /public/ -> C:\Users\Administrator\Desktop\shop\server\app\public
2019-04-30 15:10:23,888 INFO 1588 [egg-security] use methodnoallow middleware
2019-04-30 15:10:23,889 INFO 1588 [egg-security] use noopen middleware
2019-04-30 15:10:23,890 INFO 1588 [egg-security] use nosniff middleware
2019-04-30 15:10:23,890 INFO 1588 [egg-security] use xssProtection middleware
2019-04-30 15:10:23,891 INFO 1588 [egg-security] use xframe middleware
2019-04-30 15:10:23,891 INFO 1588 [egg-security] use dta middleware
2019-04-30 15:10:23,891 INFO 1588 [egg-security] compose 6 middlewares into one security middleware
2019-04-30 15:10:23,915 INFO 1588 [egg:core] dump config after load, 6ms
2019-04-30 15:10:23,918 INFO 1588 [egg-mongoose] starting...
2019-04-30 15:10:23,966 INFO 1588 [egg-mongoose] mongodb://127.0.0.1/shoppingMall connected successfully
2019-04-30 15:10:23,973 INFO 1588 [egg-mongoose] instance[0] start successfully
2019-04-30 15:10:23,975 INFO 1588 [egg-watcher:application] watcher start success
2019-04-30 15:10:23,985 INFO 1588 [egg:core] dump config after ready, 6ms
2019-04-30 16:00:34,873 INFO 2516 [egg:logger] init all loggers with options: {"dir":"C:\\Users\\Administrator\\Desktop\\shop\\server\\logs\\server","encoding":"utf8","env":"local","level":"INFO","consoleLevel":"INFO","disableConsoleAfterReady":false,"outputJSON":false,"buffer":true,"appLogName":"server-web.log","coreLogName":"egg-web.log","agentLogName":"egg-agent.log","errorLogName":"common-error.log","coreLogger":{"consoleLevel":"WARN"},"allowDebugAtProd":false,"type":"application"}
2019-04-30 16:00:34,907 INFO 2516 [egg-multipart] stream mode enable
2019-04-30 16:00:35,337 INFO 2516 [egg-mongoose] connecting mongodb://127.0.0.1/shoppingMall
2019-04-30 16:00:35,694 INFO 2516 [egg-static] starting static serve /public/ -> C:\Users\Administrator\Desktop\shop\server\app\public
2019-04-30 16:00:35,696 INFO 2516 [egg-security] use methodnoallow middleware
2019-04-30 16:00:35,697 INFO 2516 [egg-security] use noopen middleware
2019-04-30 16:00:35,698 INFO 2516 [egg-security] use nosniff middleware
2019-04-30 16:00:35,699 INFO 2516 [egg-security] use xssProtection middleware
2019-04-30 16:00:35,699 INFO 2516 [egg-security] use xframe middleware
2019-04-30 16:00:35,700 INFO 2516 [egg-security] use dta middleware
2019-04-30 16:00:35,700 INFO 2516 [egg-security] compose 6 middlewares into one security middleware
2019-04-30 16:00:35,724 INFO 2516 [egg:core] dump config after load, 6ms
2019-04-30 16:00:35,728 INFO 2516 [egg-mongoose] starting...
2019-04-30 16:00:35,778 INFO 2516 [egg-mongoose] mongodb://127.0.0.1/shoppingMall connected successfully
2019-04-30 16:00:35,785 INFO 2516 [egg-mongoose] instance[0] start successfully
2019-04-30 16:00:35,787 INFO 2516 [egg-watcher:application] watcher start success
2019-04-30 16:00:35,797 INFO 2516 [egg:core] dump config after ready, 7ms
2019-04-30 16:27:58,964 INFO 1652 [egg:logger] init all loggers with options: {"dir":"C:\\Users\\Administrator\\Desktop\\shop\\server\\logs\\server","encoding":"utf8","env":"local","level":"INFO","consoleLevel":"INFO","disableConsoleAfterReady":false,"outputJSON":false,"buffer":true,"appLogName":"server-web.log","coreLogName":"egg-web.log","agentLogName":"egg-agent.log","errorLogName":"common-error.log","coreLogger":{"consoleLevel":"WARN"},"allowDebugAtProd":false,"type":"application"}
2019-04-30 16:27:59,004 INFO 1652 [egg-multipart] stream mode enable
2019-04-30 16:27:59,447 INFO 1652 [egg-mongoose] connecting mongodb://127.0.0.1/shoppingMall
2019-04-30 16:27:59,766 INFO 1652 [egg-static] starting static serve /public/ -> C:\Users\Administrator\Desktop\shop\server\app\public
2019-04-30 16:27:59,768 INFO 1652 [egg-security] use methodnoallow middleware
2019-04-30 16:27:59,769 INFO 1652 [egg-security] use noopen middleware
2019-04-30 16:27:59,770 INFO 1652 [egg-security] use nosniff middleware
2019-04-30 16:27:59,770 INFO 1652 [egg-security] use xssProtection middleware
2019-04-30 16:27:59,771 INFO 1652 [egg-security] use xframe middleware
2019-04-30 16:27:59,771 INFO 1652 [egg-security] use dta middleware
2019-04-30 16:27:59,771 INFO 1652 [egg-security] compose 6 middlewares into one security middleware
2019-04-30 16:27:59,791 INFO 1652 [egg:core] dump config after load, 7ms
2019-04-30 16:27:59,795 INFO 1652 [egg-mongoose] starting...
2019-04-30 16:27:59,855 INFO 1652 [egg-mongoose] mongodb://127.0.0.1/shoppingMall connected successfully
2019-04-30 16:27:59,867 INFO 1652 [egg-mongoose] instance[0] start successfully
2019-04-30 16:27:59,872 INFO 1652 [egg-watcher:application] watcher start success
2019-04-30 16:27:59,891 INFO 1652 [egg:core] dump config after ready, 17ms
2019-05-08 11:13:01,282 INFO 7920 [egg:logger] init all loggers with options: {"dir":"C:\\Users\\Administrator\\Desktop\\shop\\server\\logs\\server","encoding":"utf8","env":"local","level":"INFO","consoleLevel":"INFO","disableConsoleAfterReady":false,"outputJSON":false,"buffer":true,"appLogName":"server-web.log","coreLogName":"egg-web.log","agentLogName":"egg-agent.log","errorLogName":"common-error.log","coreLogger":{"consoleLevel":"WARN"},"allowDebugAtProd":false,"type":"application"}
2019-05-08 11:13:01,317 INFO 7920 [egg-multipart] stream mode enable
2019-05-08 11:13:01,786 INFO 7920 [egg-mongoose] connecting mongodb://127.0.0.1/shoppingMall
2019-05-08 11:13:02,170 INFO 7920 [egg-static] starting static serve /public/ -> C:\Users\Administrator\Desktop\shop\server\app\public
2019-05-08 11:13:02,173 INFO 7920 [egg-security] use methodnoallow middleware
2019-05-08 11:13:02,174 INFO 7920 [egg-security] use noopen middleware
2019-05-08 11:13:02,175 INFO 7920 [egg-security] use nosniff middleware
2019-05-08 11:13:02,176 INFO 7920 [egg-security] use xssProtection middleware
2019-05-08 11:13:02,176 INFO 7920 [egg-security] use xframe middleware
2019-05-08 11:13:02,177 INFO 7920 [egg-security] use dta middleware
2019-05-08 11:13:02,177 INFO 7920 [egg-security] compose 6 middlewares into one security middleware
2019-05-08 11:13:02,203 INFO 7920 [egg:core] dump config after load, 7ms
2019-05-08 11:13:02,205 INFO 7920 [egg-mongoose] starting...
2019-05-08 11:13:02,244 INFO 7920 [egg-mongoose] mongodb://127.0.0.1/shoppingMall connected successfully
2019-05-08 11:13:02,251 INFO 7920 [egg-mongoose] instance[0] start successfully
2019-05-08 11:13:02,253 INFO 7920 [egg-watcher:application] watcher start success
2019-05-08 11:13:02,265 INFO 7920 [egg:core] dump config after ready, 9ms
2019-05-08 16:19:35,343 INFO 6608 [egg:logger] init all loggers with options: {"dir":"C:\\Users\\Administrator\\Desktop\\shop\\server\\logs\\server","encoding":"utf8","env":"local","level":"INFO","consoleLevel":"INFO","disableConsoleAfterReady":false,"outputJSON":false,"buffer":true,"appLogName":"server-web.log","coreLogName":"egg-web.log","agentLogName":"egg-agent.log","errorLogName":"common-error.log","coreLogger":{"consoleLevel":"WARN"},"allowDebugAtProd":false,"type":"application"}
2019-05-08 16:19:35,395 INFO 6608 [egg-multipart] stream mode enable
2019-05-08 16:19:36,206 INFO 6608 [egg-mongoose] connecting mongodb://127.0.0.1/shoppingMall
2019-05-08 16:19:36,761 INFO 6608 [egg-static] starting static serve /public/ -> C:\Users\Administrator\Desktop\shop\server\app\public
2019-05-08 16:19:36,765 INFO 6608 [egg-security] use methodnoallow middleware
2019-05-08 16:19:36,765 INFO 6608 [egg-security] use noopen middleware
2019-05-08 16:19:36,767 INFO 6608 [egg-security] use nosniff middleware
2019-05-08 16:19:36,767 INFO 6608 [egg-security] use xssProtection middleware
2019-05-08 16:19:36,768 INFO 6608 [egg-security] use xframe middleware
2019-05-08 16:19:36,769 INFO 6608 [egg-security] use dta middleware
2019-05-08 16:19:36,769 INFO 6608 [egg-security] compose 6 middlewares into one security middleware
2019-05-08 16:19:36,812 INFO 6608 [egg:core] dump config after load, 17ms
2019-05-08 16:19:36,816 INFO 6608 [egg-mongoose] starting...
2019-05-08 16:19:36,882 INFO 6608 [egg-mongoose] mongodb://127.0.0.1/shoppingMall connected successfully
2019-05-08 16:19:36,894 INFO 6608 [egg-mongoose] instance[0] start successfully
2019-05-08 16:19:36,897 INFO 6608 [egg-watcher:application] watcher start success
2019-05-08 16:19:36,916 INFO 6608 [egg:core] dump config after ready, 14ms
2019-05-10 08:53:01,754 INFO 3636 [egg:logger] init all loggers with options: {"dir":"C:\\Users\\Administrator\\Desktop\\shop\\server\\logs\\server","encoding":"utf8","env":"local","level":"INFO","consoleLevel":"INFO","disableConsoleAfterReady":false,"outputJSON":false,"buffer":true,"appLogName":"server-web.log","coreLogName":"egg-web.log","agentLogName":"egg-agent.log","errorLogName":"common-error.log","coreLogger":{"consoleLevel":"WARN"},"allowDebugAtProd":false,"type":"application"}
2019-05-10 08:53:01,791 INFO 3636 [egg-multipart] stream mode enable
2019-05-10 08:53:02,221 INFO 3636 [egg-mongoose] connecting mongodb://127.0.0.1/shoppingMall
2019-05-10 08:53:02,558 INFO 3636 [egg-static] starting static serve /public/ -> C:\Users\Administrator\Desktop\shop\server\app\public
2019-05-10 08:53:02,566 INFO 3636 [egg-security] use methodnoallow middleware
2019-05-10 08:53:02,567 INFO 3636 [egg-security] use noopen middleware
2019-05-10 08:53:02,568 INFO 3636 [egg-security] use nosniff middleware
2019-05-10 08:53:02,569 INFO 3636 [egg-security] use xssProtection middleware
2019-05-10 08:53:02,569 INFO 3636 [egg-security] use xframe middleware
2019-05-10 08:53:02,570 INFO 3636 [egg-security] use dta middleware
2019-05-10 08:53:02,570 INFO 3636 [egg-security] compose 6 middlewares into one security middleware
2019-05-10 08:53:02,592 INFO 3636 [egg:core] dump config after load, 5ms
2019-05-10 08:53:02,596 INFO 3636 [egg-mongoose] starting...
2019-05-10 08:53:02,634 INFO 3636 [egg-watcher:application] watcher start success
2019-05-10 08:53:02,638 INFO 3636 [egg-mongoose] mongodb://127.0.0.1/shoppingMall connected successfully
2019-05-10 08:53:02,645 INFO 3636 [egg-mongoose] instance[0] start successfully
2019-05-10 08:53:02,651 INFO 3636 [egg:core] dump config after ready, 5ms
2019-05-10 08:53:17,447 INFO 7048 [egg:logger] init all loggers with options: {"dir":"C:\\Users\\Administrator\\Desktop\\shop\\server\\logs\\server","encoding":"utf8","env":"local","level":"INFO","consoleLevel":"INFO","disableConsoleAfterReady":false,"outputJSON":false,"buffer":true,"appLogName":"server-web.log","coreLogName":"egg-web.log","agentLogName":"egg-agent.log","errorLogName":"common-error.log","coreLogger":{"consoleLevel":"WARN"},"allowDebugAtProd":false,"type":"application"}
2019-05-10 08:53:17,484 INFO 7048 [egg-multipart] stream mode enable
2019-05-10 08:53:17,774 INFO 7048 [egg-mongoose] connecting mongodb://127.0.0.1/shoppingMall
2019-05-10 08:53:18,005 INFO 7048 [egg-static] starting static serve /public/ -> C:\Users\Administrator\Desktop\shop\server\app\public
2019-05-10 08:53:18,008 INFO 7048 [egg-security] use methodnoallow middleware
2019-05-10 08:53:18,008 INFO 7048 [egg-security] use noopen middleware
2019-05-10 08:53:18,009 INFO 7048 [egg-security] use nosniff middleware
2019-05-10 08:53:18,009 INFO 7048 [egg-security] use xssProtection middleware
2019-05-10 08:53:18,010 INFO 7048 [egg-security] use xframe middleware
2019-05-10 08:53:18,010 INFO 7048 [egg-security] use dta middleware
2019-05-10 08:53:18,010 INFO 7048 [egg-security] compose 6 middlewares into one security middleware
2019-05-10 08:53:18,028 INFO 7048 [egg:core] dump config after load, 6ms
2019-05-10 08:53:18,030 INFO 7048 [egg-mongoose] starting...
2019-05-10 08:53:18,066 INFO 7048 [egg-mongoose] mongodb://127.0.0.1/shoppingMall connected successfully
2019-05-10 08:53:18,073 INFO 7048 [egg-mongoose] instance[0] start successfully
2019-05-10 08:53:18,075 INFO 7048 [egg-watcher:application] watcher start success
2019-05-10 08:53:18,087 INFO 7048 [egg:core] dump config after ready, 6ms
2019-07-01 09:48:43,781 INFO 404 [egg:logger] init all loggers with options: {"dir":"C:\\Users\\Administrator\\Desktop\\vue商城项目\\server\\logs\\server","encoding":"utf8","env":"local","level":"INFO","consoleLevel":"INFO","disableConsoleAfterReady":false,"outputJSON":false,"buffer":true,"appLogName":"server-web.log","coreLogName":"egg-web.log","agentLogName":"egg-agent.log","errorLogName":"common-error.log","coreLogger":{"consoleLevel":"WARN"},"allowDebugAtProd":false,"type":"application"}
2019-07-01 09:48:43,808 INFO 404 [egg-multipart] stream mode enable
2019-07-01 09:48:44,102 INFO 404 [egg-mongoose] connecting mongodb://127.0.0.1/shoppingMall
2019-07-01 09:48:44,329 INFO 404 [egg-static] starting static serve /public/ -> C:\Users\Administrator\Desktop\vue商城项目\server\app\public
2019-07-01 09:48:44,332 INFO 404 [egg-security] use methodnoallow middleware
2019-07-01 09:48:44,333 INFO 404 [egg-security] use noopen middleware
2019-07-01 09:48:44,333 INFO 404 [egg-security] use nosniff middleware
2019-07-01 09:48:44,334 INFO 404 [egg-security] use xssProtection middleware
2019-07-01 09:48:44,335 INFO 404 [egg-security] use xframe middleware
2019-07-01 09:48:44,335 INFO 404 [egg-security] use dta middleware
2019-07-01 09:48:44,335 INFO 404 [egg-security] compose 6 middlewares into one security middleware
2019-07-01 09:48:44,360 INFO 404 [egg:core] dump config after load, 9ms
2019-07-01 09:48:44,363 INFO 404 [egg-mongoose] starting...
2019-07-01 09:48:44,412 INFO 404 [egg-mongoose] mongodb://127.0.0.1/shoppingMall connected successfully
2019-07-01 09:48:44,420 INFO 404 [egg-mongoose] instance[0] start successfully
2019-07-01 09:48:44,423 INFO 404 [egg-watcher:application] watcher start success
2019-07-01 09:48:44,436 INFO 404 [egg:core] dump config after ready, 11ms
2019-07-03 14:42:37,659 INFO 9404 [egg:logger] init all loggers with options: {"dir":"C:\\Users\\Administrator\\Desktop\\vue商城项目\\server\\logs\\server","encoding":"utf8","env":"local","level":"INFO","consoleLevel":"INFO","disableConsoleAfterReady":false,"outputJSON":false,"buffer":true,"appLogName":"server-web.log","coreLogName":"egg-web.log","agentLogName":"egg-agent.log","errorLogName":"common-error.log","coreLogger":{"consoleLevel":"WARN"},"allowDebugAtProd":false,"type":"application"}
2019-07-03 14:42:37,688 INFO 9404 [egg-multipart] stream mode enable
2019-07-03 14:42:38,256 INFO 9404 [egg-mongoose] connecting mongodb://127.0.0.1/shoppingMall
2019-07-03 14:42:38,818 INFO 9404 [egg-static] starting static serve /public/ -> C:\Users\Administrator\Desktop\vue商城项目\server\app\public
2019-07-03 14:42:38,824 INFO 9404 [egg-security] use methodnoallow middleware
2019-07-03 14:42:38,826 INFO 9404 [egg-security] use noopen middleware
2019-07-03 14:42:38,827 INFO 9404 [egg-security] use nosniff middleware
2019-07-03 14:42:38,829 INFO 9404 [egg-security] use xssProtection middleware
2019-07-03 14:42:38,829 INFO 9404 [egg-security] use xframe middleware
2019-07-03 14:42:38,831 INFO 9404 [egg-security] use dta middleware
2019-07-03 14:42:38,831 INFO 9404 [egg-security] compose 6 middlewares into one security middleware
2019-07-03 14:42:38,873 INFO 9404 [egg:core] dump config after load, 11ms
2019-07-03 14:42:38,882 INFO 9404 [egg-mongoose] starting...
2019-07-03 14:42:38,939 INFO 9404 [egg-mongoose] mongodb://127.0.0.1/shoppingMall connected successfully
2019-07-03 14:42:38,946 INFO 9404 [egg-mongoose] instance[0] start successfully
2019-07-03 14:42:38,949 INFO 9404 [egg-watcher:application] watcher start success
2019-07-03 14:42:38,962 INFO 9404 [egg:core] dump config after ready, 8ms
2019-07-03 15:24:23,550 INFO 10252 [egg:logger] init all loggers with options: {"dir":"C:\\Users\\Administrator\\Desktop\\vue商城项目\\server\\logs\\server","encoding":"utf8","env":"local","level":"INFO","consoleLevel":"INFO","disableConsoleAfterReady":false,"outputJSON":false,"buffer":true,"appLogName":"server-web.log","coreLogName":"egg-web.log","agentLogName":"egg-agent.log","errorLogName":"common-error.log","coreLogger":{"consoleLevel":"WARN"},"allowDebugAtProd":false,"type":"application"}
2019-07-03 15:24:23,579 INFO 10252 [egg-multipart] stream mode enable
2019-07-03 15:24:24,217 INFO 10252 [egg-mongoose] connecting mongodb://127.0.0.1/shoppingMall
2019-07-03 15:24:24,649 INFO 10252 [egg-static] starting static serve /public/ -> C:\Users\Administrator\Desktop\vue商城项目\server\app\public
2019-07-03 15:24:24,652 INFO 10252 [egg-security] use methodnoallow middleware
2019-07-03 15:24:24,653 INFO 10252 [egg-security] use noopen middleware
2019-07-03 15:24:24,654 INFO 10252 [egg-security] use nosniff middleware
2019-07-03 15:24:24,655 INFO 10252 [egg-security] use xssProtection middleware
2019-07-03 15:24:24,656 INFO 10252 [egg-security] use xframe middleware
2019-07-03 15:24:24,656 INFO 10252 [egg-security] use dta middleware
2019-07-03 15:24:24,656 INFO 10252 [egg-security] compose 6 middlewares into one security middleware
2019-07-03 15:24:24,684 INFO 10252 [egg:core] dump config after load, 7ms
2019-07-03 15:24:24,687 INFO 10252 [egg-mongoose] starting...
2019-07-03 15:24:24,727 INFO 10252 [egg-mongoose] mongodb://127.0.0.1/shoppingMall connected successfully
2019-07-03 15:24:24,735 INFO 10252 [egg-mongoose] instance[0] start successfully
2019-07-03 15:24:24,737 INFO 10252 [egg-watcher:application] watcher start success
2019-07-03 15:24:24,748 INFO 10252 [egg:core] dump config after ready, 7ms
2019-12-28 14:34:15,090 INFO 12076 [egg:logger] init all loggers with options: {"dir":"C:\\Users\\Administrator.USER-20191119MA\\Desktop\\ShopingMall\\server\\logs\\server","encoding":"utf8","env":"local","level":"INFO","consoleLevel":"INFO","disableConsoleAfterReady":false,"outputJSON":false,"buffer":true,"appLogName":"server-web.log","coreLogName":"egg-web.log","agentLogName":"egg-agent.log","errorLogName":"common-error.log","coreLogger":{"consoleLevel":"WARN"},"allowDebugAtProd":false,"type":"application"}
2019-12-28 14:34:15,196 INFO 12076 [egg-multipart] stream mode enable
2019-12-28 14:34:15,846 INFO 12076 [egg-mongoose] connecting mongodb://127.0.0.1/shoppingMall
2019-12-28 14:34:16,341 INFO 12076 [egg-static] starting static serve /public/ -> C:\Users\Administrator.USER-20191119MA\Desktop\ShopingMall\server\app\public
2019-12-28 14:34:16,347 INFO 12076 [egg-security] use methodnoallow middleware
2019-12-28 14:34:16,348 INFO 12076 [egg-security] use noopen middleware
2019-12-28 14:34:16,352 INFO 12076 [egg-security] use nosniff middleware
2019-12-28 14:34:16,353 INFO 12076 [egg-security] use xssProtection middleware
2019-12-28 14:34:16,355 INFO 12076 [egg-security] use xframe middleware
2019-12-28 14:34:16,355 INFO 12076 [egg-security] use dta middleware
2019-12-28 14:34:16,356 INFO 12076 [egg-security] compose 6 middlewares into one security middleware
2019-12-28 14:34:16,390 INFO 12076 [egg:core] dump config after load, 8ms
2019-12-28 14:34:16,395 INFO 12076 [egg-mongoose] starting...
2019-12-28 14:35:40,299 INFO 10128 [egg:logger] init all loggers with options: {"dir":"C:\\Users\\Administrator.USER-20191119MA\\Desktop\\ShopingMall\\server\\logs\\server","encoding":"utf8","env":"local","level":"INFO","consoleLevel":"INFO","disableConsoleAfterReady":false,"outputJSON":false,"buffer":true,"appLogName":"server-web.log","coreLogName":"egg-web.log","agentLogName":"egg-agent.log","errorLogName":"common-error.log","coreLogger":{"consoleLevel":"WARN"},"allowDebugAtProd":false,"type":"application"}
2019-12-28 14:35:40,337 INFO 10128 [egg-multipart] stream mode enable
2019-12-28 14:35:40,894 INFO 10128 [egg-mongoose] connecting mongodb://127.0.0.1/shoppingMall
2019-12-28 14:35:41,376 INFO 10128 [egg-static] starting static serve /public/ -> C:\Users\Administrator.USER-20191119MA\Desktop\ShopingMall\server\app\public
2019-12-28 14:35:41,380 INFO 10128 [egg-security] use methodnoallow middleware
2019-12-28 14:35:41,381 INFO 10128 [egg-security] use noopen middleware
2019-12-28 14:35:41,384 INFO 10128 [egg-security] use nosniff middleware
2019-12-28 14:35:41,385 INFO 10128 [egg-security] use xssProtection middleware
2019-12-28 14:35:41,385 INFO 10128 [egg-security] use xframe middleware
2019-12-28 14:35:41,386 INFO 10128 [egg-security] use dta middleware
2019-12-28 14:35:41,386 INFO 10128 [egg-security] compose 6 middlewares into one security middleware
2019-12-28 14:35:41,414 INFO 10128 [egg:core] dump config after load, 5ms
2019-12-28 14:35:41,418 INFO 10128 [egg-mongoose] starting...
2019-12-28 14:35:41,472 INFO 10128 [egg-watcher:application] watcher start success
2019-12-28 14:35:41,475 INFO 10128 [egg-mongoose] mongodb://127.0.0.1/shoppingMall connected successfully
2019-12-28 14:35:41,482 INFO 10128 [egg-mongoose] instance[0] start successfully
2019-12-28 14:35:41,492 INFO 10128 [egg:core] dump config after ready, 8ms
2019-12-30 08:18:13,562 INFO 1360 [egg:logger] init all loggers with options: {"dir":"C:\\Users\\Administrator.USER-20191119MA\\Desktop\\ShopingMall\\server\\logs\\server","encoding":"utf8","env":"local","level":"INFO","consoleLevel":"INFO","disableConsoleAfterReady":false,"outputJSON":false,"buffer":true,"appLogName":"server-web.log","coreLogName":"egg-web.log","agentLogName":"egg-agent.log","errorLogName":"common-error.log","coreLogger":{"consoleLevel":"WARN"},"allowDebugAtProd":false,"type":"application"}
2019-12-30 08:18:13,767 INFO 1360 [egg-multipart] stream mode enable
2019-12-30 08:18:22,005 INFO 1360 [egg-mongoose] connecting mongodb://127.0.0.1/shoppingMall
2019-12-30 08:18:25,740 INFO 1360 [egg-static] starting static serve /public/ -> C:\Users\Administrator.USER-20191119MA\Desktop\ShopingMall\server\app\public
2019-12-30 08:18:25,770 INFO 1360 [egg-security] use methodnoallow middleware
2019-12-30 08:18:25,777 INFO 1360 [egg-security] use noopen middleware
2019-12-30 08:18:25,797 INFO 1360 [egg-security] use nosniff middleware
2019-12-30 08:18:25,807 INFO 1360 [egg-security] use xssProtection middleware
2019-12-30 08:18:25,816 INFO 1360 [egg-security] use xframe middleware
2019-12-30 08:18:25,823 INFO 1360 [egg-security] use dta middleware
2019-12-30 08:18:25,823 INFO 1360 [egg-security] compose 6 middlewares into one security middleware
2019-12-30 08:18:26,065 INFO 1360 [egg:core] dump config after load, 21ms
2019-12-30 08:18:26,074 INFO 1360 [egg-mongoose] starting...
2019-12-30 08:18:26,332 INFO 1360 [egg-watcher:application] watcher start success
2019-12-30 08:18:26,630 INFO 1360 [egg-mongoose] mongodb://127.0.0.1/shoppingMall connected successfully
2019-12-30 08:18:26,641 INFO 1360 [egg-mongoose] instance[0] start successfully
2019-12-30 08:18:26,664 INFO 1360 [egg:core] dump config after ready, 19ms
2019-12-30 09:21:00,906 INFO 7460 [egg:logger] init all loggers with options: {"dir":"C:\\Users\\Administrator.USER-20191119MA\\Desktop\\ShopingMall\\server\\logs\\server","encoding":"utf8","env":"local","level":"INFO","consoleLevel":"INFO","disableConsoleAfterReady":false,"outputJSON":false,"buffer":true,"appLogName":"server-web.log","coreLogName":"egg-web.log","agentLogName":"egg-agent.log","errorLogName":"common-error.log","coreLogger":{"consoleLevel":"WARN"},"allowDebugAtProd":false,"type":"application"}
2019-12-30 09:21:00,937 INFO 7460 [egg-multipart] stream mode enable
2019-12-30 09:21:01,548 INFO 7460 [egg-mongoose] connecting mongodb://127.0.0.1/shoppingMall
2019-12-30 09:21:02,076 INFO 7460 [egg-static] starting static serve /public/ -> C:\Users\Administrator.USER-20191119MA\Desktop\ShopingMall\server\app\public
2019-12-30 09:21:02,081 INFO 7460 [egg-security] use methodnoallow middleware
2019-12-30 09:21:02,082 INFO 7460 [egg-security] use noopen middleware
2019-12-30 09:21:02,084 INFO 7460 [egg-security] use nosniff middleware
2019-12-30 09:21:02,085 INFO 7460 [egg-security] use xssProtection middleware
2019-12-30 09:21:02,086 INFO 7460 [egg-security] use xframe middleware
2019-12-30 09:21:02,087 INFO 7460 [egg-security] use dta middleware
2019-12-30 09:21:02,087 INFO 7460 [egg-security] compose 6 middlewares into one security middleware
2019-12-30 09:21:02,120 INFO 7460 [egg:core] dump config after load, 7ms
2019-12-30 09:21:02,126 INFO 7460 [egg-mongoose] starting...
2019-12-30 09:21:02,204 INFO 7460 [egg-mongoose] mongodb://127.0.0.1/shoppingMall connected successfully
2019-12-30 09:21:02,223 INFO 7460 [egg-mongoose] instance[0] start successfully
2019-12-30 09:21:02,225 INFO 7460 [egg-watcher:application] watcher start success
2019-12-30 09:21:02,237 INFO 7460 [egg:core] dump config after ready, 10ms
2019-12-30 13:37:58,645 INFO 10780 [egg:logger] init all loggers with options: {"dir":"C:\\Users\\Administrator.USER-20191119MA\\Desktop\\ShopingMall\\server\\logs\\server","encoding":"utf8","env":"local","level":"INFO","consoleLevel":"INFO","disableConsoleAfterReady":false,"outputJSON":false,"buffer":true,"appLogName":"server-web.log","coreLogName":"egg-web.log","agentLogName":"egg-agent.log","errorLogName":"common-error.log","coreLogger":{"consoleLevel":"WARN"},"allowDebugAtProd":false,"type":"application"}
2019-12-30 13:37:58,789 INFO 10780 [egg-multipart] stream mode enable
2019-12-30 13:38:01,579 INFO 10780 [egg-mongoose] connecting mongodb://127.0.0.1/shoppingMall
2019-12-30 13:38:04,428 INFO 10780 [egg-static] starting static serve /public/ -> C:\Users\Administrator.USER-20191119MA\Desktop\ShopingMall\server\app\public
2019-12-30 13:38:04,454 INFO 10780 [egg-security] use methodnoallow middleware
2019-12-30 13:38:04,460 INFO 10780 [egg-security] use noopen middleware
2019-12-30 13:38:04,478 INFO 10780 [egg-security] use nosniff middleware
2019-12-30 13:38:04,483 INFO 10780 [egg-security] use xssProtection middleware
2019-12-30 13:38:04,489 INFO 10780 [egg-security] use xframe middleware
2019-12-30 13:38:04,494 INFO 10780 [egg-security] use dta middleware
2019-12-30 13:38:04,494 INFO 10780 [egg-security] compose 6 middlewares into one security middleware
2019-12-30 13:38:04,658 INFO 10780 [egg:core] dump config after load, 17ms
2019-12-30 13:38:04,667 INFO 10780 [egg-mongoose] starting...
2019-12-30 13:38:04,867 INFO 10780 [egg-mongoose] mongodb://127.0.0.1/shoppingMall connected successfully
2019-12-30 13:38:04,887 INFO 10780 [egg-mongoose] instance[0] start successfully
2019-12-30 13:38:04,891 INFO 10780 [egg-watcher:application] watcher start success
2019-12-30 13:38:04,929 INFO 10780 [egg:core] dump config after ready, 31ms
2019-12-31 08:29:29,074 INFO 9644 [egg:logger] init all loggers with options: {"dir":"C:\\Users\\Administrator.USER-20191119MA\\Desktop\\ShopingMall\\server\\logs\\server","encoding":"utf8","env":"local","level":"INFO","consoleLevel":"INFO","disableConsoleAfterReady":false,"outputJSON":false,"buffer":true,"appLogName":"server-web.log","coreLogName":"egg-web.log","agentLogName":"egg-agent.log","errorLogName":"common-error.log","coreLogger":{"consoleLevel":"WARN"},"allowDebugAtProd":false,"type":"application"}
2019-12-31 08:29:29,189 INFO 9644 [egg-multipart] stream mode enable
2019-12-31 08:29:31,506 INFO 9644 [egg-mongoose] connecting mongodb://127.0.0.1/shoppingMall
2019-12-31 08:29:33,873 INFO 9644 [egg-static] starting static serve /public/ -> C:\Users\Administrator.USER-20191119MA\Desktop\ShopingMall\server\app\public
2019-12-31 08:29:33,894 INFO 9644 [egg-security] use methodnoallow middleware
2019-12-31 08:29:33,899 INFO 9644 [egg-security] use noopen middleware
2019-12-31 08:29:33,914 INFO 9644 [egg-security] use nosniff middleware
2019-12-31 08:29:33,918 INFO 9644 [egg-security] use xssProtection middleware
2019-12-31 08:29:33,921 INFO 9644 [egg-security] use xframe middleware
2019-12-31 08:29:33,927 INFO 9644 [egg-security] use dta middleware
2019-12-31 08:29:33,927 INFO 9644 [egg-security] compose 6 middlewares into one security middleware
2019-12-31 08:29:34,055 INFO 9644 [egg:core] dump config after load, 11ms
2019-12-31 08:29:34,061 INFO 9644 [egg-mongoose] starting...
2019-12-31 08:29:34,228 INFO 9644 [egg-watcher:application] watcher start success
2019-12-31 08:31:46,452 INFO 8404 [egg:logger] init all loggers with options: {"dir":"C:\\Users\\Administrator.USER-20191119MA\\Desktop\\ShopingMall\\server\\logs\\server","encoding":"utf8","env":"local","level":"INFO","consoleLevel":"INFO","disableConsoleAfterReady":false,"outputJSON":false,"buffer":true,"appLogName":"server-web.log","coreLogName":"egg-web.log","agentLogName":"egg-agent.log","errorLogName":"common-error.log","coreLogger":{"consoleLevel":"WARN"},"allowDebugAtProd":false,"type":"application"}
2019-12-31 08:31:46,577 INFO 8404 [egg-multipart] stream mode enable
2019-12-31 08:31:49,224 INFO 8404 [egg-mongoose] connecting mongodb://127.0.0.1/shoppingMall
2019-12-31 08:31:51,277 INFO 8404 [egg-static] starting static serve /public/ -> C:\Users\Administrator.USER-20191119MA\Desktop\ShopingMall\server\app\public
2019-12-31 08:31:51,296 INFO 8404 [egg-security] use methodnoallow middleware
2019-12-31 08:31:51,302 INFO 8404 [egg-security] use noopen middleware
2019-12-31 08:31:51,316 INFO 8404 [egg-security] use nosniff middleware
2019-12-31 08:31:51,319 INFO 8404 [egg-security] use xssProtection middleware
2019-12-31 08:31:51,322 INFO 8404 [egg-security] use xframe middleware
2019-12-31 08:31:51,325 INFO 8404 [egg-security] use dta middleware
2019-12-31 08:31:51,326 INFO 8404 [egg-security] compose 6 middlewares into one security middleware
2019-12-31 08:31:51,438 INFO 8404 [egg:core] dump config after load, 13ms
2019-12-31 08:31:51,443 INFO 8404 [egg-mongoose] starting...
2019-12-31 08:34:33,379 INFO 5748 [egg:logger] init all loggers with options: {"dir":"C:\\Users\\Administrator.USER-20191119MA\\Desktop\\ShopingMall\\server\\logs\\server","encoding":"utf8","env":"local","level":"INFO","consoleLevel":"INFO","disableConsoleAfterReady":false,"outputJSON":false,"buffer":true,"appLogName":"server-web.log","coreLogName":"egg-web.log","agentLogName":"egg-agent.log","errorLogName":"common-error.log","coreLogger":{"consoleLevel":"WARN"},"allowDebugAtProd":false,"type":"application"}
2019-12-31 08:34:33,486 INFO 5748 [egg-multipart] stream mode enable
2019-12-31 08:34:35,717 INFO 5748 [egg-mongoose] connecting mongodb://127.0.0.1/shoppingMall
2019-12-31 08:34:37,963 INFO 5748 [egg-static] starting static serve /public/ -> C:\Users\Administrator.USER-20191119MA\Desktop\ShopingMall\server\app\public
2019-12-31 08:34:37,982 INFO 5748 [egg-security] use methodnoallow middleware
2019-12-31 08:34:37,986 INFO 5748 [egg-security] use noopen middleware
2019-12-31 08:34:38,001 INFO 5748 [egg-security] use nosniff middleware
2019-12-31 08:34:38,005 INFO 5748 [egg-security] use xssProtection middleware
2019-12-31 08:34:38,010 INFO 5748 [egg-security] use xframe middleware
2019-12-31 08:34:38,014 INFO 5748 [egg-security] use dta middleware
2019-12-31 08:34:38,014 INFO 5748 [egg-security] compose 6 middlewares into one security middleware
2019-12-31 08:34:38,136 INFO 5748 [egg:core] dump config after load, 14ms
2019-12-31 08:34:38,143 INFO 5748 [egg-mongoose] starting...
2019-12-31 08:34:38,287 INFO 5748 [egg-mongoose] mongodb://127.0.0.1/shoppingMall connected successfully
2019-12-31 08:34:38,301 INFO 5748 [egg-mongoose] instance[0] start successfully
2019-12-31 08:34:38,304 INFO 5748 [egg-watcher:application] watcher start success
2019-12-31 08:34:38,338 INFO 5748 [egg:core] dump config after ready, 25ms
2020-01-02 08:19:31,343 INFO 8504 [egg:logger] init all loggers with options: {"dir":"C:\\Users\\Administrator.USER-20191119MA\\Desktop\\ShopingMall\\server\\logs\\server","encoding":"utf8","env":"local","level":"INFO","consoleLevel":"INFO","disableConsoleAfterReady":false,"outputJSON":false,"buffer":true,"appLogName":"server-web.log","coreLogName":"egg-web.log","agentLogName":"egg-agent.log","errorLogName":"common-error.log","coreLogger":{"consoleLevel":"WARN"},"allowDebugAtProd":false,"type":"application"}
2020-01-02 08:19:31,377 INFO 8504 [egg-multipart] stream mode enable
2020-01-02 08:19:32,052 INFO 8504 [egg-mongoose] connecting mongodb://127.0.0.1/shoppingMall
2020-01-02 08:19:32,640 INFO 8504 [egg-static] starting static serve /public/ -> C:\Users\Administrator.USER-20191119MA\Desktop\ShopingMall\server\app\public
2020-01-02 08:19:32,644 INFO 8504 [egg-security] use methodnoallow middleware
2020-01-02 08:19:32,645 INFO 8504 [egg-security] use noopen middleware
2020-01-02 08:19:32,647 INFO 8504 [egg-security] use nosniff middleware
2020-01-02 08:19:32,649 INFO 8504 [egg-security] use xssProtection middleware
2020-01-02 08:19:32,650 INFO 8504 [egg-security] use xframe middleware
2020-01-02 08:19:32,651 INFO 8504 [egg-security] use dta middleware
2020-01-02 08:19:32,651 INFO 8504 [egg-security] compose 6 middlewares into one security middleware
2020-01-02 08:19:32,684 INFO 8504 [egg:core] dump config after load, 7ms
2020-01-02 08:19:32,689 INFO 8504 [egg-mongoose] starting...
2020-01-02 08:19:32,772 INFO 8504 [egg-mongoose] mongodb://127.0.0.1/shoppingMall connected successfully
2020-01-02 08:19:32,808 INFO 8504 [egg-mongoose] instance[0] start successfully
2020-01-02 08:19:32,820 INFO 8504 [egg-watcher:application] watcher start success
2020-01-02 08:19:32,842 INFO 8504 [egg:core] dump config after ready, 19ms
2020-01-02 08:35:02,730 INFO 9196 [egg:logger] init all loggers with options: {"dir":"C:\\Users\\Administrator.USER-20191119MA\\Desktop\\ShopingMall\\server\\logs\\server","encoding":"utf8","env":"local","level":"INFO","consoleLevel":"INFO","disableConsoleAfterReady":false,"outputJSON":false,"buffer":true,"appLogName":"server-web.log","coreLogName":"egg-web.log","agentLogName":"egg-agent.log","errorLogName":"common-error.log","coreLogger":{"consoleLevel":"WARN"},"allowDebugAtProd":false,"type":"application"}
2020-01-02 08:35:02,885 INFO 9196 [egg-multipart] stream mode enable
2020-01-02 08:35:06,300 INFO 9196 [egg-mongoose] connecting mongodb://127.0.0.1/shoppingMall
2020-01-02 08:35:09,913 INFO 9196 [egg-static] starting static serve /public/ -> C:\Users\Administrator.USER-20191119MA\Desktop\ShopingMall\server\app\public
2020-01-02 08:35:09,941 INFO 9196 [egg-security] use methodnoallow middleware
2020-01-02 08:35:09,947 INFO 9196 [egg-security] use noopen middleware
2020-01-02 08:35:09,967 INFO 9196 [egg-security] use nosniff middleware
2020-01-02 08:35:09,972 INFO 9196 [egg-security] use xssProtection middleware
2020-01-02 08:35:09,977 INFO 9196 [egg-security] use xframe middleware
2020-01-02 08:35:09,983 INFO 9196 [egg-security] use dta middleware
2020-01-02 08:35:09,983 INFO 9196 [egg-security] compose 6 middlewares into one security middleware
2020-01-02 08:35:10,131 INFO 9196 [egg:core] dump config after load, 12ms
2020-01-02 08:35:10,141 INFO 9196 [egg-mongoose] starting...
2020-01-02 08:35:10,575 INFO 9196 [egg-mongoose] mongodb://127.0.0.1/shoppingMall connected successfully
2020-01-02 08:35:10,595 INFO 9196 [egg-mongoose] instance[0] start successfully
2020-01-02 08:35:10,607 INFO 9196 [egg-watcher:application] watcher start success
2020-01-02 08:35:10,644 INFO 9196 [egg:core] dump config after ready, 29ms
2020-01-03 08:12:55,543 INFO 3220 [egg:logger] init all loggers with options: {"dir":"C:\\Users\\Administrator.USER-20191119MA\\Desktop\\ShopingMall\\server\\logs\\server","encoding":"utf8","env":"local","level":"INFO","consoleLevel":"INFO","disableConsoleAfterReady":false,"outputJSON":false,"buffer":true,"appLogName":"server-web.log","coreLogName":"egg-web.log","agentLogName":"egg-agent.log","errorLogName":"common-error.log","coreLogger":{"consoleLevel":"WARN"},"allowDebugAtProd":false,"type":"application"}
2020-01-03 08:12:55,655 INFO 3220 [egg-multipart] stream mode enable
2020-01-03 08:12:58,882 INFO 3220 [egg-mongoose] connecting mongodb://127.0.0.1/shoppingMall
2020-01-03 08:13:01,568 INFO 3220 [egg-static] starting static serve /public/ -> C:\Users\Administrator.USER-20191119MA\Desktop\ShopingMall\server\app\public
2020-01-03 08:13:01,587 INFO 3220 [egg-security] use methodnoallow middleware
2020-01-03 08:13:01,592 INFO 3220 [egg-security] use noopen middleware
2020-01-03 08:13:01,607 INFO 3220 [egg-security] use nosniff middleware
2020-01-03 08:13:01,610 INFO 3220 [egg-security] use xssProtection middleware
2020-01-03 08:13:01,614 INFO 3220 [egg-security] use xframe middleware
2020-01-03 08:13:01,618 INFO 3220 [egg-security] use dta middleware
2020-01-03 08:13:01,618 INFO 3220 [egg-security] compose 6 middlewares into one security middleware
2020-01-03 08:13:01,747 INFO 3220 [egg:core] dump config after load, 13ms
2020-01-03 08:13:01,754 INFO 3220 [egg-mongoose] starting...
2020-01-03 08:14:33,691 INFO 1476 [egg:logger] init all loggers with options: {"dir":"C:\\Users\\Administrator.USER-20191119MA\\Desktop\\ShopingMall\\server\\logs\\server","encoding":"utf8","env":"local","level":"INFO","consoleLevel":"INFO","disableConsoleAfterReady":false,"outputJSON":false,"buffer":true,"appLogName":"server-web.log","coreLogName":"egg-web.log","agentLogName":"egg-agent.log","errorLogName":"common-error.log","coreLogger":{"consoleLevel":"WARN"},"allowDebugAtProd":false,"type":"application"}
2020-01-03 08:14:33,806 INFO 1476 [egg-multipart] stream mode enable
2020-01-03 08:14:35,888 INFO 1476 [egg-mongoose] connecting mongodb://127.0.0.1/shoppingMall
2020-01-03 08:14:38,110 INFO 1476 [egg-static] starting static serve /public/ -> C:\Users\Administrator.USER-20191119MA\Desktop\ShopingMall\server\app\public
2020-01-03 08:14:38,128 INFO 1476 [egg-security] use methodnoallow middleware
2020-01-03 08:14:38,133 INFO 1476 [egg-security] use noopen middleware
2020-01-03 08:14:38,148 INFO 1476 [egg-security] use nosniff middleware
2020-01-03 08:14:38,152 INFO 1476 [egg-security] use xssProtection middleware
2020-01-03 08:14:38,156 INFO 1476 [egg-security] use xframe middleware
2020-01-03 08:14:38,160 INFO 1476 [egg-security] use dta middleware
2020-01-03 08:14:38,160 INFO 1476 [egg-security] compose 6 middlewares into one security middleware
2020-01-03 08:14:38,278 INFO 1476 [egg:core] dump config after load, 11ms
2020-01-03 08:14:38,285 INFO 1476 [egg-mongoose] starting...
2020-01-03 08:15:40,412 INFO 6412 [egg:logger] init all loggers with options: {"dir":"C:\\Users\\Administrator.USER-20191119MA\\Desktop\\ShopingMall\\server\\logs\\server","encoding":"utf8","env":"local","level":"INFO","consoleLevel":"INFO","disableConsoleAfterReady":false,"outputJSON":false,"buffer":true,"appLogName":"server-web.log","coreLogName":"egg-web.log","agentLogName":"egg-agent.log","errorLogName":"common-error.log","coreLogger":{"consoleLevel":"WARN"},"allowDebugAtProd":false,"type":"application"}
2020-01-03 08:15:40,533 INFO 6412 [egg-multipart] stream mode enable
2020-01-03 08:15:42,772 INFO 6412 [egg-mongoose] connecting mongodb://127.0.0.1/shoppingMall
2020-01-03 08:15:45,121 INFO 6412 [egg-static] starting static serve /public/ -> C:\Users\Administrator.USER-20191119MA\Desktop\ShopingMall\server\app\public
2020-01-03 08:15:45,142 INFO 6412 [egg-security] use methodnoallow middleware
2020-01-03 08:15:45,146 INFO 6412 [egg-security] use noopen middleware
2020-01-03 08:15:45,163 INFO 6412 [egg-security] use nosniff middleware
2020-01-03 08:15:45,167 INFO 6412 [egg-security] use xssProtection middleware
2020-01-03 08:15:45,172 INFO 6412 [egg-security] use xframe middleware
2020-01-03 08:15:45,176 INFO 6412 [egg-security] use dta middleware
2020-01-03 08:15:45,176 INFO 6412 [egg-security] compose 6 middlewares into one security middleware
2020-01-03 08:15:45,307 INFO 6412 [egg:core] dump config after load, 11ms
2020-01-03 08:15:45,313 INFO 6412 [egg-mongoose] starting...
2020-01-03 08:15:45,508 INFO 6412 [egg-mongoose] mongodb://127.0.0.1/shoppingMall connected successfully
2020-01-03 08:15:45,521 INFO 6412 [egg-mongoose] instance[0] start successfully
2020-01-03 08:15:45,529 INFO 6412 [egg-watcher:application] watcher start success
2020-01-03 08:15:45,548 INFO 6412 [egg:core] dump config after ready, 16ms
